<?xml version="1.0" encoding="UTF-8"?>
<!-- Generated by org.testng.reporters.JUnitXMLReporter -->
<testsuite hostname="LAPTOP-36BHL9K1" ignored="0" name="Test" tests="3" failures="0" timestamp="05 Jun 2022 16:03:21 GMT" time="49.997" errors="0">
  <testcase name="favLang" time="0.306" classname="com.crm.Tests.FavLanguageTest"/>
  <testcase name="register_01" time="1.406" classname="com.crm.Tests.RegisterTests"/>
  <testcase name="register_02" time="1.795" classname="com.crm.Tests.RegisterTests"/>
</testsuite> <!-- Test -->
