<?xml version="1.0" encoding="UTF-8"?>
<testng-results skipped="0" failed="0" ignored="0" total="1" passed="1">
  <reporter-output>
  </reporter-output>
  <suite name="Suite" duration-ms="24929" started-at="2022-06-11T11:30:51Z" finished-at="2022-06-11T11:31:16Z">
    <groups>
    </groups>
    <test name="Test" duration-ms="24929" started-at="2022-06-11T11:30:51Z" finished-at="2022-06-11T11:31:16Z">
      <class name="com.crm.Tests.FavLanguageTest">
        <test-method status="PASS" signature="setup()[pri:0, instance:com.crm.Tests.FavLanguageTest@2c34f934]" name="setup" is-config="true" duration-ms="24686" started-at="2022-06-11T17:00:51Z" finished-at="2022-06-11T17:01:16Z">
          <reporter-output>
          </reporter-output>
        </test-method> <!-- setup -->
        <test-method status="PASS" signature="favLang()[pri:0, instance:com.crm.Tests.FavLanguageTest@2c34f934]" name="favLang" duration-ms="222" started-at="2022-06-11T17:01:16Z" finished-at="2022-06-11T17:01:16Z">
          <reporter-output>
          </reporter-output>
        </test-method> <!-- favLang -->
      </class> <!-- com.crm.Tests.FavLanguageTest -->
    </test> <!-- Test -->
  </suite> <!-- Suite -->
</testng-results>
